<?xml version="1.0" encoding="UTF-8"?>
<testng-results ignored="0" total="0" passed="0" failed="0" skipped="0">
  <reporter-output>
  </reporter-output>
  <suite started-at="2021-10-10T17:52:47 EDT" name="cucumberOptions.TestRunner" finished-at="2021-10-10T17:52:47 EDT" duration-ms="13">
    <groups>
    </groups>
    <test started-at="2021-10-10T17:52:47 EDT" name="Command line test" finished-at="2021-10-10T17:52:47 EDT" duration-ms="13">
    </test> <!-- Command line test -->
  </suite> <!-- cucumberOptions.TestRunner -->
</testng-results>
